--------------------------------------------------------------------------------
Release 14.7 Trace  (nt64)
Copyright (c) 1995-2013 Xilinx, Inc.  All rights reserved.

C:\Xilinx\14.7\ISE_DS\ISE\bin\nt64\unwrapped\trce.exe -intstyle ise -v 3 -s 4
-n 3 -fastpaths -xml P6.twx P6.ncd -o P6.twr P6.pcf -ucf P6.ucf

Design file:              P6.ncd
Physical constraint file: P6.pcf
Device,package,speed:     xc3s500e,fg320,-4 (PRODUCTION 1.27 2013-10-13)
Report level:             verbose report

Environment Variable      Effect 
--------------------      ------ 
NONE                      No environment variables were set
--------------------------------------------------------------------------------

INFO:Timing:2698 - No timing constraints found, doing default enumeration.
INFO:Timing:3412 - To improve timing, see the Timing Closure User Guide (UG612).
INFO:Timing:2752 - To get complete path coverage, use the unconstrained paths 
   option. All paths that are not constrained will be reported in the 
   unconstrained paths section(s) of the report.
INFO:Timing:3339 - The clock-to-out numbers in this timing report are based on 
   a 50 Ohm transmission line loading model.  For the details of this model, 
   and for more information on accounting for different loading conditions, 
   please see the device datasheet.
INFO:Timing:3390 - This architecture does not support a default System Jitter 
   value, please add SYSTEM_JITTER constraint to the UCF to modify the Clock 
   Uncertainty calculation.
INFO:Timing:3389 - This architecture does not support 'Discrete Jitter' and 
   'Phase Error' calculations, these terms will be zero in the Clock 
   Uncertainty calculation.  Please make appropriate modification to 
   SYSTEM_JITTER to account for the unsupported Discrete Jitter and Phase 
   Error.



Data Sheet report:
-----------------
All values displayed in nanoseconds (ns)

Pad to Pad
---------------+---------------+---------+
Source Pad     |Destination Pad|  Delay  |
---------------+---------------+---------+
A<0>           |F<0>           |   11.365|
A<0>           |F<1>           |   10.602|
A<0>           |F<2>           |   10.342|
A<0>           |F<3>           |   11.509|
A<0>           |F<4>           |   12.253|
A<1>           |F<1>           |   10.037|
A<1>           |F<2>           |    9.985|
A<1>           |F<3>           |   11.193|
A<1>           |F<4>           |   12.161|
A<2>           |F<2>           |    9.944|
A<2>           |F<3>           |   11.326|
A<2>           |F<4>           |   12.224|
A<3>           |F<3>           |   10.124|
A<3>           |F<4>           |   11.211|
B<0>           |F<0>           |   10.693|
B<0>           |F<1>           |    9.930|
B<0>           |F<2>           |    9.629|
B<0>           |F<3>           |   10.837|
B<0>           |F<4>           |   12.099|
B<1>           |F<1>           |    9.624|
B<1>           |F<2>           |    9.661|
B<1>           |F<3>           |   10.852|
B<1>           |F<4>           |   12.173|
B<2>           |F<2>           |    8.968|
B<2>           |F<3>           |   10.350|
B<2>           |F<4>           |   11.248|
B<3>           |F<3>           |   10.001|
B<3>           |F<4>           |   11.148|
Ci             |F<0>           |   11.058|
Ci             |F<1>           |   10.121|
Ci             |F<2>           |    9.808|
Ci             |F<3>           |   10.684|
Ci             |F<4>           |   11.310|
S<0>           |F<0>           |   10.516|
S<0>           |F<1>           |   10.793|
S<0>           |F<2>           |   11.174|
S<0>           |F<3>           |   11.923|
S<0>           |F<4>           |   13.362|
S<1>           |F<0>           |   10.217|
S<1>           |F<1>           |    9.429|
S<1>           |F<2>           |    9.817|
S<1>           |F<3>           |    9.853|
S<1>           |F<4>           |   10.693|
S<2>           |F<0>           |   10.870|
S<2>           |F<1>           |    9.943|
S<2>           |F<2>           |    9.795|
S<2>           |F<3>           |   10.760|
S<2>           |F<4>           |   10.592|
---------------+---------------+---------+


Analysis completed Wed Dec 18 09:46:19 2019 
--------------------------------------------------------------------------------

Trace Settings:
-------------------------
Trace Settings 

Peak Memory Usage: 4510 MB



