Release 14.7 - ngc2edif P.20131013 (nt64)
Copyright (c) 1995-2013 Xilinx, Inc.  All rights reserved.
Reading design P6.ngc ...
WARNING:NetListWriters:298 - No output is written to P6.xncf, ignored.
Processing design ...
   Preping design's networks ...
   Preping design's macros ...
WARNING:NetListWriters:306 - Signal bus F_addsub0002<4 : 2> on block P6 is not
   reconstructed, because there are some missing bus signals.
WARNING:NetListWriters:306 - Signal bus Madd_F_addsub0003_cy<3 : 0> on block P6
   is not reconstructed, because there are some missing bus signals.
  finished :Prep
Writing EDIF netlist file P6.edif ...
ngc2edif: Total memory usage is 4311376 kilobytes

Release 14.7 - ngc2edif P.20131013 (nt64)
Copyright (c) 1995-2013 Xilinx, Inc.  All rights reserved.
Reading design P6.ngc ...
WARNING:NetListWriters:298 - No output is written to P6.xncf, ignored.
Processing design ...
   Preping design's networks ...
   Preping design's macros ...
WARNING:NetListWriters:306 - Signal bus F_addsub0002<4 : 2> on block P6 is not
   reconstructed, because there are some missing bus signals.
WARNING:NetListWriters:306 - Signal bus Madd_F_addsub0003_cy<3 : 0> on block P6
   is not reconstructed, because there are some missing bus signals.
  finished :Prep
Writing EDIF netlist file P6.edif ...
ngc2edif: Total memory usage is 4310804 kilobytes

