Release 14.7 - ngc2edif P.20131013 (nt64)
Copyright (c) 1995-2013 Xilinx, Inc.  All rights reserved.
Reading design P7.ngc ...
WARNING:NetListWriters:298 - No output is written to P7.xncf, ignored.
Processing design ...
   Preping design's networks ...
   Preping design's macros ...
  finished :Prep
Writing EDIF netlist file P7.edif ...
ngc2edif: Total memory usage is 4311376 kilobytes

Release 14.7 - ngc2edif P.20131013 (nt64)
Copyright (c) 1995-2013 Xilinx, Inc.  All rights reserved.
Reading design P7_COMPLETA.ngc ...
WARNING:NetListWriters:298 - No output is written to P7_COMPLETA.xncf, ignored.
Processing design ...
   Preping design's networks ...
   Preping design's macros ...
  finished :Prep
Writing EDIF netlist file P7_COMPLETA.edif ...
ngc2edif: Total memory usage is 4310804 kilobytes

