c:\computergraphics\projects\project3\project3\x64\release\vc142.pdb
c:\computergraphics\projects\project3\project3\x64\release\main.obj
c:\computergraphics\projects\project3\project3\x64\release\cgtorus.obj
c:\computergraphics\projects\project3\project3\x64\release\cgsphere.obj
c:\computergraphics\projects\project3\project3\x64\release\cgshaderprogram.obj
c:\computergraphics\projects\project3\project3\x64\release\cgpiramid.obj
c:\computergraphics\projects\project3\project3\x64\release\cgmodel.obj
c:\computergraphics\projects\project3\project3\x64\release\cgicosahedron.obj
c:\computergraphics\projects\project3\project3\x64\release\cgfigure.obj
c:\computergraphics\projects\project3\project3\x64\release\cgdisk.obj
c:\computergraphics\projects\project3\project3\x64\release\cgcylinder.obj
c:\computergraphics\projects\project3\project3\x64\release\cgcube.obj
c:\computergraphics\projects\project3\project3\x64\release\cgcone.obj
c:\computergraphics\projects\project3\project3\x64\release\cgapplication.obj
c:\computergraphics\projects\project3\x64\release\project3.exe
c:\computergraphics\projects\project3\project3\x64\release\project3.ipdb
c:\computergraphics\projects\project3\project3\x64\release\project3.iobj
c:\computergraphics\projects\project3\x64\release\project3.pdb
c:\computergraphics\projects\project3\project3\x64\release\project3.res
c:\computergraphics\projects\project3\project3\x64\release\project3.tlog\cl.command.1.tlog
c:\computergraphics\projects\project3\project3\x64\release\project3.tlog\cl.read.1.tlog
c:\computergraphics\projects\project3\project3\x64\release\project3.tlog\cl.write.1.tlog
c:\computergraphics\projects\project3\project3\x64\release\project3.tlog\link.command.1.tlog
c:\computergraphics\projects\project3\project3\x64\release\project3.tlog\link.read.1.tlog
c:\computergraphics\projects\project3\project3\x64\release\project3.tlog\link.write.1.tlog
c:\computergraphics\projects\project3\project3\x64\release\project3.tlog\rc.command.1.tlog
c:\computergraphics\projects\project3\project3\x64\release\project3.tlog\rc.read.1.tlog
c:\computergraphics\projects\project3\project3\x64\release\project3.tlog\rc.write.1.tlog
