

*******************************************************************************
Mon May 25 12:28:40 2020


FIT:    data read from "Burbuja.dat" using 1:2
        format = x:z
        #datapoints = 10
        residuals are weighted equally (unit weight)

function used for fitting: N(x)
	N(x) = a*x*x + b*x+c
fitted parameters initialized with current variable values

iter      chisq       delta/lim  lambda   a             b             c            
   0 2.5393412209e+12   0.00e+00  2.91e+05    1.000000e+00   1.000000e+00   1.000000e+00
   9 2.6357043961e-01  -3.39e-03  2.91e-04    4.168698e-06  -1.414600e-04   6.568001e-03

After 9 iterations the fit converged.
final sum of squares of residuals : 0.26357
rel. change during last iteration : -3.38878e-08

degrees of freedom    (FIT_NDF)                        : 7
rms of residuals      (FIT_STDFIT) = sqrt(WSSR/ndf)    : 0.194044
variance of residuals (reduced chisquare) = WSSR/ndf   : 0.0376529

Final set of parameters            Asymptotic Standard Error
=======================            ==========================
a               = 4.1687e-06       +/- 8.445e-07    (20.26%)
b               = -0.00014146      +/- 0.0009532    (673.8%)
c               = 0.006568         +/- 0.2282       (3475%)

correlation matrix of the fit parameters:
                a      b      c      
a               1.000 
b              -0.975  1.000 
c               0.814 -0.909  1.000 


*******************************************************************************
Mon May 25 12:28:44 2020


FIT:    data read from "Insercion.dat" using 1:2
        format = x:z
        #datapoints = 10
        residuals are weighted equally (unit weight)

function used for fitting: N(x)
	N(x) = a*x*x + b*x+c
fitted parameters initialized with current variable values

iter      chisq       delta/lim  lambda   a             b             c            
   0 2.5393542917e+12   0.00e+00  2.91e+05    1.000000e+00   1.000000e+00   1.000000e+00
   9 1.1322631806e-01  -8.33e-03  2.91e-04    1.366650e-06   8.218524e-05  -2.088413e-02

After 9 iterations the fit converged.
final sum of squares of residuals : 0.113226
rel. change during last iteration : -8.33219e-08

degrees of freedom    (FIT_NDF)                        : 7
rms of residuals      (FIT_STDFIT) = sqrt(WSSR/ndf)    : 0.127182
variance of residuals (reduced chisquare) = WSSR/ndf   : 0.0161752

Final set of parameters            Asymptotic Standard Error
=======================            ==========================
a               = 1.36665e-06      +/- 5.535e-07    (40.5%)
b               = 8.21852e-05      +/- 0.0006247    (760.1%)
c               = -0.0208841       +/- 0.1496       (716.3%)

correlation matrix of the fit parameters:
                a      b      c      
a               1.000 
b              -0.975  1.000 
c               0.814 -0.909  1.000 


*******************************************************************************
Mon May 25 12:28:47 2020


FIT:    data read from "Seleccion.dat" using 1:2
        format = x:z
        #datapoints = 10
        residuals are weighted equally (unit weight)

function used for fitting: N(x)
	N(x) = a*x*x + b*x+c
fitted parameters initialized with current variable values

iter      chisq       delta/lim  lambda   a             b             c            
   0 2.5393486247e+12   0.00e+00  2.91e+05    1.000000e+00   1.000000e+00   1.000000e+00
   9 1.3192087141e-02  -7.24e-02  2.91e-04    2.312747e-06   2.337983e-04  -2.745228e-02

After 9 iterations the fit converged.
final sum of squares of residuals : 0.0131921
rel. change during last iteration : -7.2441e-07

degrees of freedom    (FIT_NDF)                        : 7
rms of residuals      (FIT_STDFIT) = sqrt(WSSR/ndf)    : 0.0434118
variance of residuals (reduced chisquare) = WSSR/ndf   : 0.00188458

Final set of parameters            Asymptotic Standard Error
=======================            ==========================
a               = 2.31275e-06      +/- 1.889e-07    (8.169%)
b               = 0.000233798      +/- 0.0002132    (91.21%)
c               = -0.0274523       +/- 0.05106      (186%)

correlation matrix of the fit parameters:
                a      b      c      
a               1.000 
b              -0.975  1.000 
c               0.814 -0.909  1.000 


*******************************************************************************
Mon May 25 12:29:07 2020


FIT:    data read from "Seleccion.dat" using 1:2
        format = x:z
        #datapoints = 10
        residuals are weighted equally (unit weight)

function used for fitting: N(x)
	N(x) = a*x*x + b*x+c
fitted parameters initialized with current variable values

iter      chisq       delta/lim  lambda   a             b             c            
   0 2.5393484403e+12   0.00e+00  2.91e+05    1.000000e+00   1.000000e+00   1.000000e+00
   9 6.5257164232e-03  -1.29e-01  2.91e-04    2.755085e-06  -1.854173e-04   3.479313e-02

After 9 iterations the fit converged.
final sum of squares of residuals : 0.00652572
rel. change during last iteration : -1.29175e-06

degrees of freedom    (FIT_NDF)                        : 7
rms of residuals      (FIT_STDFIT) = sqrt(WSSR/ndf)    : 0.0305327
variance of residuals (reduced chisquare) = WSSR/ndf   : 0.000932245

Final set of parameters            Asymptotic Standard Error
=======================            ==========================
a               = 2.75508e-06      +/- 1.329e-07    (4.823%)
b               = -0.000185417     +/- 0.00015      (80.89%)
c               = 0.0347931        +/- 0.03591      (103.2%)

correlation matrix of the fit parameters:
                a      b      c      
a               1.000 
b              -0.975  1.000 
c               0.814 -0.909  1.000 


*******************************************************************************
Mon May 25 12:29:11 2020


FIT:    data read from "QuickSort.dat" using 1:2
        format = x:z
        #datapoints = 10
        residuals are weighted equally (unit weight)

function used for fitting: N(x)
	N(x) = a*log(x)/log(2)
fitted parameters initialized with current variable values

iter      chisq       delta/lim  lambda   a            
   0 7.6950938124e+02   0.00e+00  8.88e+00    1.000000e+00
   4 2.3868363071e-02  -2.65e-09  8.88e-04    1.213845e-02

After 4 iterations the fit converged.
final sum of squares of residuals : 0.0238684
rel. change during last iteration : -2.64551e-14

degrees of freedom    (FIT_NDF)                        : 9
rms of residuals      (FIT_STDFIT) = sqrt(WSSR/ndf)    : 0.051498
variance of residuals (reduced chisquare) = WSSR/ndf   : 0.00265204

Final set of parameters            Asymptotic Standard Error
=======================            ==========================
a               = 0.0121385        +/- 0.001834     (15.11%)


*******************************************************************************
Mon May 25 12:30:27 2020


FIT:    data read from "QuickSort.dat" using 1:2
        format = x:z
        #datapoints = 10
        residuals are weighted equally (unit weight)

function used for fitting: N(x)
	N(x) = x*log(x)/log(2)
BREAK: Need via and either parameter list or file

*******************************************************************************
Mon May 25 12:30:43 2020


FIT:    data read from "QuickSort.dat" using 1:2
        format = x:z
        #datapoints = 10
        residuals are weighted equally (unit weight)

function used for fitting: N(x)
	N(x) = x*log(x)/log(2)
BREAK: Need via and either parameter list or file

*******************************************************************************
Mon May 25 12:31:09 2020


FIT:    data read from "QuickSort.dat" using 1:2
        format = x:z
        #datapoints = 10
        residuals are weighted equally (unit weight)

function used for fitting: N(x)
	N(x) = a*x*log(x)/log(2)
fitted parameters initialized with current variable values

iter      chisq       delta/lim  lambda   a            
   0 3.5219192414e+08   0.00e+00  5.93e+03    1.000000e+00
   4 5.4117401031e-04  -5.37e-02  5.93e-01    1.920878e-05

After 4 iterations the fit converged.
final sum of squares of residuals : 0.000541174
rel. change during last iteration : -5.3676e-07

degrees of freedom    (FIT_NDF)                        : 9
rms of residuals      (FIT_STDFIT) = sqrt(WSSR/ndf)    : 0.00775438
variance of residuals (reduced chisquare) = WSSR/ndf   : 6.01304e-05

Final set of parameters            Asymptotic Standard Error
=======================            ==========================
a               = 1.92088e-05      +/- 4.132e-07    (2.151%)


*******************************************************************************
Mon May 25 12:33:01 2020


FIT:    data read from "QuickSort.dat" using 1:2
        format = x:z
        #datapoints = 10
        residuals are weighted equally (unit weight)

function used for fitting: N(x)
	N(x) = a*x*log(x)/log(2)
fitted parameters initialized with current variable values

iter      chisq       delta/lim  lambda   a            
   0 3.5219227119e+08   0.00e+00  5.93e+03    1.000000e+00
   4 2.2998855474e-04  -1.26e-01  5.93e-01    1.871608e-05

After 4 iterations the fit converged.
final sum of squares of residuals : 0.000229989
rel. change during last iteration : -1.26302e-06

degrees of freedom    (FIT_NDF)                        : 9
rms of residuals      (FIT_STDFIT) = sqrt(WSSR/ndf)    : 0.00505512
variance of residuals (reduced chisquare) = WSSR/ndf   : 2.55543e-05

Final set of parameters            Asymptotic Standard Error
=======================            ==========================
a               = 1.87161e-05      +/- 2.694e-07    (1.439%)


*******************************************************************************
Mon May 25 12:33:09 2020


FIT:    data read from "Seleccion.dat" using 1:2
        format = x:z
        #datapoints = 10
        residuals are weighted equally (unit weight)

function used for fitting: N(x)
	N(x) = a*x*x + b*x+c
fitted parameters initialized with current variable values

iter      chisq       delta/lim  lambda   a             b             c            
   0 2.5393482982e+12   0.00e+00  2.91e+05    1.000000e+00   1.000000e+00   1.000000e+00
   9 1.3923044409e-02  -6.14e-02  2.91e-04    2.733800e-06  -1.354631e-04   2.798815e-02

After 9 iterations the fit converged.
final sum of squares of residuals : 0.013923
rel. change during last iteration : -6.14043e-07

degrees of freedom    (FIT_NDF)                        : 7
rms of residuals      (FIT_STDFIT) = sqrt(WSSR/ndf)    : 0.0445983
variance of residuals (reduced chisquare) = WSSR/ndf   : 0.00198901

Final set of parameters            Asymptotic Standard Error
=======================            ==========================
a               = 2.7338e-06       +/- 1.941e-07    (7.1%)
b               = -0.000135463     +/- 0.0002191    (161.7%)
c               = 0.0279882        +/- 0.05245      (187.4%)

correlation matrix of the fit parameters:
                a      b      c      
a               1.000 
b              -0.975  1.000 
c               0.814 -0.909  1.000 


*******************************************************************************
Mon Jun 01 10:51:59 2020


FIT:    data read from "QuickSort.dat" using 1:2
        format = x:z
        #datapoints = 10
        residuals are weighted equally (unit weight)

function used for fitting: N(x)
	N(x) = a*x*log(x)/log(2)
fitted parameters initialized with current variable values

iter      chisq       delta/lim  lambda   a            
   0 3.5219531592e+08   0.00e+00  5.93e+03    1.000000e+00
   4 1.0338366095e-03  -2.81e-02  5.93e-01    1.439364e-05

After 4 iterations the fit converged.
final sum of squares of residuals : 0.00103384
rel. change during last iteration : -2.80976e-07

degrees of freedom    (FIT_NDF)                        : 9
rms of residuals      (FIT_STDFIT) = sqrt(WSSR/ndf)    : 0.0107178
variance of residuals (reduced chisquare) = WSSR/ndf   : 0.000114871

Final set of parameters            Asymptotic Standard Error
=======================            ==========================
a               = 1.43936e-05      +/- 5.711e-07    (3.968%)
